
  ___  ____  ____  ____  ____ (R)
 /__    /   ____/   /   ____/
___/   /   /___/   /   /___/   14.0   Copyright 1985-2015 StataCorp LP
  Statistics/Data Analysis            StataCorp
                                      4905 Lakeway Drive
     Special Edition                  College Station, Texas 77845 USA
                                      800-STATA-PC        http://www.stata.com
                                      979-696-4600        stata@stata.com
                                      979-696-4601 (fax)

Single-user Stata perpetual license:
       Serial number:  10699393
         Licensed to:  Houda Nait El Barj
                       

Notes:
      1.  Stata is running in batch mode.
      2.  Unicode is supported; see help unicode_advice.
      3.  Maximum number of variables is set to 5000; see help set_maxvar.

. do "../analysis/source/prepare_data/create_data.do" 

. version 14

. set more off

. preliminaries

. 
. program main
  1.     yaml read YAML using config_global.yaml
  2.     yaml global build = YAML.build.prepare_data
  3. 
.     set obs 300000
  4.     gen x = _n
  5.     export delimited "$build/data.txt", delimiter("|") replace
  6. end

. 
. * EXECUTE
. main
number of observations (_N) was 0, now 300,000
(note: file build/prepare_data/data.txt not found)
file build/prepare_data/data.txt could not be opened
r(603);

end of do-file
r(603);
