WARNING: Information about .sconsign.dblite may be misleading
as it can be edited after state_of_repo.log finishes running

===================================

 *** GIT STATUS ***

===================================
Last commit:

commit 49dc78a56e9c0fde514f36d3c2f2fe2b1a1101d2
Author: Zane Kashner <zkashner@stanford.edu>
Date:   Sun Jun 21 22:04:07 2020 -0500

    Pull request for: #115 Update CRAN mirror (#116)
    
    * #115 updated to use WUSTL CRAN mirror instead
    
    * #115 deleted slash


Files changed since last commit:


analysis/config_global.yaml
analysis/release/descriptive/plot.eps
analysis/release/descriptive/sconscript_descriptive.log
analysis/release/sconstruct.log
analysis/release/state_of_repo.log
analysis/source/descriptive/descriptive.py
paper_slides/input/plot.eps
paper_slides/release/paper/ondeck.pdf
paper_slides/release/paper/online_appendix.pdf
paper_slides/release/paper/paper.pdf
paper_slides/release/paper/sconscript.log
paper_slides/release/paper/text.pdf
paper_slides/release/sconstruct.log
paper_slides/release/state_of_input.log
paper_slides/release/state_of_repo.log
paper_slides/release/talk/sconscript.log
paper_slides/release/talk/slides.pdf
paper_slides/source/figures/figure.lyx
paper_slides/source/paper/paper.lyx
paper_slides/source/tables/table.lyx

===================================

 *** FILE STATUS ***

===================================
./config_user.yaml:
   modified on: 17 Jul 2020 15:33:50
   size of file: 646
./run.py:
   modified on: 17 Jul 2020 10:57:22
   size of file: 458
./state_of_repo.log:
   modified on: 17 Jul 2020 15:47:54
   size of file: 1307
./SConstruct:
   modified on: 17 Jul 2020 10:57:22
   size of file: 1818
./state_of_input.log:
   modified on: 17 Jul 2020 15:47:52
   size of file: 166
./config_global.yaml:
   modified on: 17 Jul 2020 10:57:22
   size of file: 1283
./sconstruct.log:
   modified on: 17 Jul 2020 15:47:54
   size of file: 254
./input/plot.eps:
   modified on: 17 Jul 2020 15:27:44
   size of file: 13619
./input/table.txt:
   modified on: 17 Jul 2020 10:57:22
   size of file: 39
./input/data.txt:
   modified on: 17 Jul 2020 15:27:44
   size of file: 44
./source/paper/paper.lyx:
   modified on: 17 Jul 2020 15:40:24
   size of file: 5449
./source/paper/online_appendix.lyx:
   modified on: 17 Jul 2020 10:57:22
   size of file: 3610
./source/paper/ondeck.lyx:
   modified on: 17 Jul 2020 10:57:22
   size of file: 2522
./source/paper/text.tex:
   modified on: 17 Jul 2020 10:57:22
   size of file: 1300
./source/paper/paper.lyx~:
   modified on: 17 Jul 2020 15:39:34
   size of file: 5429
./source/paper/SConscript:
   modified on: 17 Jul 2020 10:57:22
   size of file: 699
./source/paper/text.lyx:
   modified on: 17 Jul 2020 10:57:22
   size of file: 2522
./source/tables/SConscript:
   modified on: 17 Jul 2020 10:57:22
   size of file: 266
./source/tables/table-lyxformat-508.lyx~:
   modified on: 17 Jul 2020 10:57:22
   size of file: 4082
./source/tables/table.lyx:
   modified on: 17 Jul 2020 15:30:49
   size of file: 4221
./source/figures/figure-lyxformat-508.lyx~:
   modified on: 17 Jul 2020 10:57:22
   size of file: 2214
./source/figures/figure.lyx:
   modified on: 17 Jul 2020 15:29:23
   size of file: 2366
./source/talk/slides.lyx:
   modified on: 17 Jul 2020 10:57:22
   size of file: 4697
./source/talk/SConscript:
   modified on: 17 Jul 2020 10:57:22
   size of file: 259
./release/state_of_repo.log:
   modified on: 17 Jul 2020 15:40:47
   size of file: 5035
./release/state_of_input.log:
   modified on: 17 Jul 2020 15:40:41
   size of file: 166
./release/sconstruct.log:
   modified on: 17 Jul 2020 15:40:47
   size of file: 2673
./release/paper/paper.pdf:
   modified on: 17 Jul 2020 15:47:54
   size of file: 44667
./release/paper/online_appendix.pdf:
   modified on: 17 Jul 2020 15:33:54
   size of file: 31435
./release/paper/ondeck.pdf:
   modified on: 17 Jul 2020 15:33:52
   size of file: 18036
./release/paper/sconscript.log:
   modified on: 17 Jul 2020 15:47:54
   size of file: 548
./release/paper/text.pdf:
   modified on: 17 Jul 2020 15:40:44
   size of file: 18036
./release/talk/slides.pdf:
   modified on: 17 Jul 2020 15:40:47
   size of file: 23207
./release/talk/sconscript.log:
   modified on: 17 Jul 2020 15:40:47
   size of file: 550
./build/paper/paper.pdf:
   modified on: 17 Jul 2020 15:47:54
   size of file: 44667
./build/paper/online_appendix.pdf:
   modified on: 17 Jul 2020 15:33:54
   size of file: 31435
./build/paper/ondeck.pdf:
   modified on: 17 Jul 2020 15:33:52
   size of file: 18036
./build/paper/sconscript.log:
   modified on: 17 Jul 2020 15:47:54
   size of file: 548
./build/paper/text.pdf:
   modified on: 17 Jul 2020 15:40:44
   size of file: 18036
./build/tables/sconscript.log:
   modified on: 17 Jul 2020 15:40:44
   size of file: 154
./build/tables/table.lyx:
   modified on: 17 Jul 2020 15:40:44
   size of file: 4221
./build/talk/slides.pdf:
   modified on: 17 Jul 2020 15:40:47
   size of file: 23207
./build/talk/sconscript.log:
   modified on: 17 Jul 2020 15:40:47
   size of file: 550
